<?xml version="1.0" encoding="UTF-8"?>
<testsuite name="edu.bu.metcs673_notification_service.controller.NotificationControllerTest2" tests="1" skipped="0" failures="0" errors="0" timestamp="2024-06-17T22:19:00" hostname="Chaozhengs-MacBook-Pro.local" time="0.036">
  <properties/>
  <testcase name="testUpdateEmailMessage()" classname="edu.bu.metcs673_notification_service.controller.NotificationControllerTest2" time="0.036"/>
  <system-out><![CDATA[2024-06-17T15:19:00.767-07:00  INFO [,] 25946 --- [metcs673-notification-service] [    Test worker] o.s.mock.web.MockServletContext          : Initializing Spring TestDispatcherServlet ''
2024-06-17T15:19:00.767-07:00  INFO [,] 25946 --- [metcs673-notification-service] [    Test worker] o.s.t.web.servlet.TestDispatcherServlet  : Initializing Servlet ''
2024-06-17T15:19:00.767-07:00  INFO [,] 25946 --- [metcs673-notification-service] [    Test worker] o.s.t.web.servlet.TestDispatcherServlet  : Completed initialization in 0 ms
]]></system-out>
  <system-err><![CDATA[]]></system-err>
</testsuite>
