<?xml version="1.0" encoding="UTF-8"?>
<testsuite name="edu.bu.metcs673_notification_service.observerpattern.EmailNotificationObserverTest" tests="1" skipped="0" failures="0" errors="0" timestamp="2024-06-11T01:25:24" hostname="Chaozhengs-MacBook-Pro.local" time="0.697">
  <properties/>
  <testcase name="update()" classname="edu.bu.metcs673_notification_service.observerpattern.EmailNotificationObserverTest" time="0.697"/>
  <system-out><![CDATA[Email Notification Observer: null
]]></system-out>
  <system-err><![CDATA[]]></system-err>
</testsuite>
